-- The C compiler identification is GNU 9.4.0
-- The CXX compiler identification is GNU 9.4.0
-- Check for working C compiler: /usr/bin/cc
-- Check for working C compiler: /usr/bin/cc -- works
-- Detecting C compiler ABI info
-- Detecting C compiler ABI info - done
-- Detecting C compile features
-- Detecting C compile features - done
-- Check for working CXX compiler: /usr/bin/c++
-- Check for working CXX compiler: /usr/bin/c++ -- works
-- Detecting CXX compiler ABI info
-- Detecting CXX compiler ABI info - done
-- Detecting CXX compile features
-- Detecting CXX compile features - done
-- Found ament_cmake: 0.9.12 (/opt/ros/foxy/share/ament_cmake/cmake)
-- Found PythonInterp: /usr/bin/python3 (found suitable version "3.8.10", minimum required is "3") 
-- Using PYTHON_EXECUTABLE: /usr/bin/python3
-- Found rclcpp: 2.4.3 (/opt/ros/foxy/share/rclcpp/cmake)
-- Using all available rosidl_typesupport_c: rosidl_typesupport_fastrtps_c;rosidl_typesupport_introspection_c
-- Found rosidl_adapter: 1.3.1 (/opt/ros/foxy/share/rosidl_adapter/cmake)
-- Found OpenSSL: /usr/lib/x86_64-linux-gnu/libcrypto.so (found version "1.1.1f")  
-- Found FastRTPS: /opt/ros/foxy/include  
-- Using all available rosidl_typesupport_cpp: rosidl_typesupport_fastrtps_cpp;rosidl_typesupport_introspection_cpp
-- Found rmw_implementation_cmake: 1.0.4 (/opt/ros/foxy/share/rmw_implementation_cmake/cmake)
-- Using RMW implementation 'rmw_fastrtps_cpp' as default
-- Looking for pthread.h
-- Looking for pthread.h - found
-- Performing Test CMAKE_HAVE_LIBC_PTHREAD
-- Performing Test CMAKE_HAVE_LIBC_PTHREAD - Failed
-- Looking for pthread_create in pthreads
-- Looking for pthread_create in pthreads - not found
-- Looking for pthread_create in pthread
-- Looking for pthread_create in pthread - found
-- Found Threads: TRUE  
-- Found image_transport: 2.4.0 (/opt/ros/foxy/share/image_transport/cmake)
-- Found cv_bridge: 3.0.7 (/opt/ros/foxy/share/cv_bridge/cmake)
-- Found OpenCV: /usr (found version "4.2.0") 
-- Found ament_lint_auto: 0.9.8 (/opt/ros/foxy/share/ament_lint_auto/cmake)
-- Added test 'copyright' to check source files copyright and LICENSE
-- Added test 'cppcheck' to perform static code analysis on C / C++ code
-- Configured cppcheck include dirs: /home/sysenso/ros2_ws/src/cv_basics/{OpenCV_INCLUDE_DIRS}
-- Configured cppcheck exclude dirs and/or files: 
-- Added test 'cpplint' to check C / C++ code against the Google style
-- Configured cpplint exclude dirs and/or files: 
-- Added test 'lint_cmake' to check CMake code style
-- Added test 'uncrustify' to check C / C++ code style
-- Configured uncrustify additional arguments: 
-- Added test 'xmllint' to check XML markup files
-- Configuring done
-- Generating done
-- Build files have been written to: /home/sysenso/ros2_ws/src/cv_basics/build/cv_basics
[35m[1mScanning dependencies of target img_subscriber[0m
[35m[1mScanning dependencies of target img_publisher[0m
[ 25%] [32mBuilding CXX object CMakeFiles/img_publisher.dir/src/webcam_pub.cpp.o[0m
[ 50%] [32mBuilding CXX object CMakeFiles/img_subscriber.dir/src/webcam_sub.cpp.o[0m
[ 75%] [32m[1mLinking CXX executable img_publisher[0m
[ 75%] Built target img_publisher
[100%] [32m[1mLinking CXX executable img_subscriber[0m
[100%] Built target img_subscriber
-- Install configuration: ""
-- Installing: /home/sysenso/ros2_ws/src/cv_basics/install/cv_basics/lib/img_publisher
-- Set runtime path of "/home/sysenso/ros2_ws/src/cv_basics/install/cv_basics/lib/img_publisher" to ""
-- Installing: /home/sysenso/ros2_ws/src/cv_basics/install/cv_basics/lib/img_subscriber
-- Set runtime path of "/home/sysenso/ros2_ws/src/cv_basics/install/cv_basics/lib/img_subscriber" to ""
-- Installing: /home/sysenso/ros2_ws/src/cv_basics/install/cv_basics/share/ament_index/resource_index/package_run_dependencies/cv_basics
-- Installing: /home/sysenso/ros2_ws/src/cv_basics/install/cv_basics/share/ament_index/resource_index/parent_prefix_path/cv_basics
-- Installing: /home/sysenso/ros2_ws/src/cv_basics/install/cv_basics/share/cv_basics/environment/ament_prefix_path.sh
-- Installing: /home/sysenso/ros2_ws/src/cv_basics/install/cv_basics/share/cv_basics/environment/ament_prefix_path.dsv
-- Installing: /home/sysenso/ros2_ws/src/cv_basics/install/cv_basics/share/cv_basics/environment/path.sh
-- Installing: /home/sysenso/ros2_ws/src/cv_basics/install/cv_basics/share/cv_basics/environment/path.dsv
-- Installing: /home/sysenso/ros2_ws/src/cv_basics/install/cv_basics/share/cv_basics/local_setup.bash
-- Installing: /home/sysenso/ros2_ws/src/cv_basics/install/cv_basics/share/cv_basics/local_setup.sh
-- Installing: /home/sysenso/ros2_ws/src/cv_basics/install/cv_basics/share/cv_basics/local_setup.zsh
-- Installing: /home/sysenso/ros2_ws/src/cv_basics/install/cv_basics/share/cv_basics/local_setup.dsv
-- Installing: /home/sysenso/ros2_ws/src/cv_basics/install/cv_basics/share/cv_basics/package.dsv
-- Installing: /home/sysenso/ros2_ws/src/cv_basics/install/cv_basics/share/ament_index/resource_index/packages/cv_basics
-- Installing: /home/sysenso/ros2_ws/src/cv_basics/install/cv_basics/share/cv_basics/cmake/cv_basicsConfig.cmake
-- Installing: /home/sysenso/ros2_ws/src/cv_basics/install/cv_basics/share/cv_basics/cmake/cv_basicsConfig-version.cmake
-- Installing: /home/sysenso/ros2_ws/src/cv_basics/install/cv_basics/share/cv_basics/package.xml
