[0.016s] Invoking command in '/home/sysenso/ros2_ws/src/cv_basics/build/cv_basics': CMAKE_PREFIX_PATH=${CMAKE_PREFIX_PATH}:/opt/ros/foxy /usr/bin/cmake /home/sysenso/ros2_ws/src/cv_basics -DCMAKE_INSTALL_PREFIX=/home/sysenso/ros2_ws/src/cv_basics/install/cv_basics
[0.233s] -- The C compiler identification is GNU 9.4.0
[0.288s] -- The CXX compiler identification is GNU 9.4.0
[0.295s] -- Check for working C compiler: /usr/bin/cc
[0.367s] -- Check for working C compiler: /usr/bin/cc -- works
[0.370s] -- Detecting C compiler ABI info
[0.435s] -- Detecting C compiler ABI info - done
[0.441s] -- Detecting C compile features
[0.442s] -- Detecting C compile features - done
[0.446s] -- Check for working CXX compiler: /usr/bin/c++
[0.512s] -- Check for working CXX compiler: /usr/bin/c++ -- works
[0.513s] -- Detecting CXX compiler ABI info
[0.591s] -- Detecting CXX compiler ABI info - done
[0.598s] -- Detecting CXX compile features
[0.599s] -- Detecting CXX compile features - done
[0.601s] -- Found ament_cmake: 0.9.12 (/opt/ros/foxy/share/ament_cmake/cmake)
[0.620s] -- Found PythonInterp: /usr/bin/python3 (found suitable version "3.8.10", minimum required is "3") 
[0.620s] -- Using PYTHON_EXECUTABLE: /usr/bin/python3
[0.750s] -- Found rclcpp: 2.4.3 (/opt/ros/foxy/share/rclcpp/cmake)
[0.783s] -- Using all available rosidl_typesupport_c: rosidl_typesupport_fastrtps_c;rosidl_typesupport_introspection_c
[0.788s] -- Found rosidl_adapter: 1.3.1 (/opt/ros/foxy/share/rosidl_adapter/cmake)
[0.863s] -- Found OpenSSL: /usr/lib/x86_64-linux-gnu/libcrypto.so (found version "1.1.1f")  
[0.885s] -- Found FastRTPS: /opt/ros/foxy/include  
[0.942s] -- Using all available rosidl_typesupport_cpp: rosidl_typesupport_fastrtps_cpp;rosidl_typesupport_introspection_cpp
[0.986s] -- Found rmw_implementation_cmake: 1.0.4 (/opt/ros/foxy/share/rmw_implementation_cmake/cmake)
[0.988s] -- Using RMW implementation 'rmw_fastrtps_cpp' as default
[0.990s] -- Looking for pthread.h
[1.051s] -- Looking for pthread.h - found
[1.051s] -- Performing Test CMAKE_HAVE_LIBC_PTHREAD
[1.118s] -- Performing Test CMAKE_HAVE_LIBC_PTHREAD - Failed
[1.118s] -- Looking for pthread_create in pthreads
[1.176s] -- Looking for pthread_create in pthreads - not found
[1.176s] -- Looking for pthread_create in pthread
[1.245s] -- Looking for pthread_create in pthread - found
[1.247s] -- Found Threads: TRUE  
[1.359s] -- Found image_transport: 2.4.0 (/opt/ros/foxy/share/image_transport/cmake)
[1.477s] -- Found cv_bridge: 3.0.7 (/opt/ros/foxy/share/cv_bridge/cmake)
[1.501s] -- Found OpenCV: /usr (found version "4.2.0") 
[1.548s] -- Found ament_lint_auto: 0.9.8 (/opt/ros/foxy/share/ament_lint_auto/cmake)
[1.604s] -- Added test 'copyright' to check source files copyright and LICENSE
[1.607s] -- Added test 'cppcheck' to perform static code analysis on C / C++ code
[1.607s] -- Configured cppcheck include dirs: /home/sysenso/ros2_ws/src/cv_basics/{OpenCV_INCLUDE_DIRS}
[1.607s] -- Configured cppcheck exclude dirs and/or files: 
[1.609s] -- Added test 'cpplint' to check C / C++ code against the Google style
[1.609s] -- Configured cpplint exclude dirs and/or files: 
[1.611s] -- Added test 'lint_cmake' to check CMake code style
[1.614s] -- Added test 'uncrustify' to check C / C++ code style
[1.614s] -- Configured uncrustify additional arguments: 
[1.614s] -- Added test 'xmllint' to check XML markup files
[1.617s] -- Configuring done
[1.641s] -- Generating done
[1.642s] -- Build files have been written to: /home/sysenso/ros2_ws/src/cv_basics/build/cv_basics
[1.655s] Invoked command in '/home/sysenso/ros2_ws/src/cv_basics/build/cv_basics' returned '0': CMAKE_PREFIX_PATH=${CMAKE_PREFIX_PATH}:/opt/ros/foxy /usr/bin/cmake /home/sysenso/ros2_ws/src/cv_basics -DCMAKE_INSTALL_PREFIX=/home/sysenso/ros2_ws/src/cv_basics/install/cv_basics
[1.655s] Invoking command in '/home/sysenso/ros2_ws/src/cv_basics/build/cv_basics': CMAKE_PREFIX_PATH=${CMAKE_PREFIX_PATH}:/opt/ros/foxy /usr/bin/cmake --build /home/sysenso/ros2_ws/src/cv_basics/build/cv_basics -- -j8 -l8
[1.694s] [35m[1mScanning dependencies of target img_subscriber[0m
[1.694s] [35m[1mScanning dependencies of target img_publisher[0m
[1.742s] [ 25%] [32mBuilding CXX object CMakeFiles/img_publisher.dir/src/webcam_pub.cpp.o[0m
[1.743s] [ 50%] [32mBuilding CXX object CMakeFiles/img_subscriber.dir/src/webcam_sub.cpp.o[0m
[5.391s] [ 75%] [32m[1mLinking CXX executable img_publisher[0m
[5.822s] [ 75%] Built target img_publisher
[6.919s] [100%] [32m[1mLinking CXX executable img_subscriber[0m
[7.366s] [100%] Built target img_subscriber
[7.380s] Invoked command in '/home/sysenso/ros2_ws/src/cv_basics/build/cv_basics' returned '0': CMAKE_PREFIX_PATH=${CMAKE_PREFIX_PATH}:/opt/ros/foxy /usr/bin/cmake --build /home/sysenso/ros2_ws/src/cv_basics/build/cv_basics -- -j8 -l8
[7.429s] Invoking command in '/home/sysenso/ros2_ws/src/cv_basics/build/cv_basics': CMAKE_PREFIX_PATH=${CMAKE_PREFIX_PATH}:/opt/ros/foxy /usr/bin/cmake --install /home/sysenso/ros2_ws/src/cv_basics/build/cv_basics
[7.436s] -- Install configuration: ""
[7.436s] -- Installing: /home/sysenso/ros2_ws/src/cv_basics/install/cv_basics/lib/img_publisher
[7.437s] -- Set runtime path of "/home/sysenso/ros2_ws/src/cv_basics/install/cv_basics/lib/img_publisher" to ""
[7.437s] -- Installing: /home/sysenso/ros2_ws/src/cv_basics/install/cv_basics/lib/img_subscriber
[7.438s] -- Set runtime path of "/home/sysenso/ros2_ws/src/cv_basics/install/cv_basics/lib/img_subscriber" to ""
[7.438s] -- Installing: /home/sysenso/ros2_ws/src/cv_basics/install/cv_basics/share/ament_index/resource_index/package_run_dependencies/cv_basics
[7.439s] -- Installing: /home/sysenso/ros2_ws/src/cv_basics/install/cv_basics/share/ament_index/resource_index/parent_prefix_path/cv_basics
[7.439s] -- Installing: /home/sysenso/ros2_ws/src/cv_basics/install/cv_basics/share/cv_basics/environment/ament_prefix_path.sh
[7.439s] -- Installing: /home/sysenso/ros2_ws/src/cv_basics/install/cv_basics/share/cv_basics/environment/ament_prefix_path.dsv
[7.439s] -- Installing: /home/sysenso/ros2_ws/src/cv_basics/install/cv_basics/share/cv_basics/environment/path.sh
[7.439s] -- Installing: /home/sysenso/ros2_ws/src/cv_basics/install/cv_basics/share/cv_basics/environment/path.dsv
[7.439s] -- Installing: /home/sysenso/ros2_ws/src/cv_basics/install/cv_basics/share/cv_basics/local_setup.bash
[7.439s] -- Installing: /home/sysenso/ros2_ws/src/cv_basics/install/cv_basics/share/cv_basics/local_setup.sh
[7.440s] -- Installing: /home/sysenso/ros2_ws/src/cv_basics/install/cv_basics/share/cv_basics/local_setup.zsh
[7.440s] -- Installing: /home/sysenso/ros2_ws/src/cv_basics/install/cv_basics/share/cv_basics/local_setup.dsv
[7.440s] -- Installing: /home/sysenso/ros2_ws/src/cv_basics/install/cv_basics/share/cv_basics/package.dsv
[7.440s] -- Installing: /home/sysenso/ros2_ws/src/cv_basics/install/cv_basics/share/ament_index/resource_index/packages/cv_basics
[7.440s] -- Installing: /home/sysenso/ros2_ws/src/cv_basics/install/cv_basics/share/cv_basics/cmake/cv_basicsConfig.cmake
[7.440s] -- Installing: /home/sysenso/ros2_ws/src/cv_basics/install/cv_basics/share/cv_basics/cmake/cv_basicsConfig-version.cmake
[7.440s] -- Installing: /home/sysenso/ros2_ws/src/cv_basics/install/cv_basics/share/cv_basics/package.xml
[7.445s] Invoked command in '/home/sysenso/ros2_ws/src/cv_basics/build/cv_basics' returned '0': CMAKE_PREFIX_PATH=${CMAKE_PREFIX_PATH}:/opt/ros/foxy /usr/bin/cmake --install /home/sysenso/ros2_ws/src/cv_basics/build/cv_basics
