[ 50%] Built target img_publisher
[100%] Built target img_subscriber
-- Install configuration: ""
-- Up-to-date: /home/sysenso/ros2_ws/src/cv_basics/install/cv_basics/lib/img_publisher
-- Up-to-date: /home/sysenso/ros2_ws/src/cv_basics/install/cv_basics/lib/img_subscriber
-- Up-to-date: /home/sysenso/ros2_ws/src/cv_basics/install/cv_basics/share/ament_index/resource_index/package_run_dependencies/cv_basics
-- Up-to-date: /home/sysenso/ros2_ws/src/cv_basics/install/cv_basics/share/ament_index/resource_index/parent_prefix_path/cv_basics
-- Up-to-date: /home/sysenso/ros2_ws/src/cv_basics/install/cv_basics/share/cv_basics/environment/ament_prefix_path.sh
-- Up-to-date: /home/sysenso/ros2_ws/src/cv_basics/install/cv_basics/share/cv_basics/environment/ament_prefix_path.dsv
-- Up-to-date: /home/sysenso/ros2_ws/src/cv_basics/install/cv_basics/share/cv_basics/environment/path.sh
-- Up-to-date: /home/sysenso/ros2_ws/src/cv_basics/install/cv_basics/share/cv_basics/environment/path.dsv
-- Up-to-date: /home/sysenso/ros2_ws/src/cv_basics/install/cv_basics/share/cv_basics/local_setup.bash
-- Up-to-date: /home/sysenso/ros2_ws/src/cv_basics/install/cv_basics/share/cv_basics/local_setup.sh
-- Up-to-date: /home/sysenso/ros2_ws/src/cv_basics/install/cv_basics/share/cv_basics/local_setup.zsh
-- Up-to-date: /home/sysenso/ros2_ws/src/cv_basics/install/cv_basics/share/cv_basics/local_setup.dsv
-- Installing: /home/sysenso/ros2_ws/src/cv_basics/install/cv_basics/share/cv_basics/package.dsv
-- Up-to-date: /home/sysenso/ros2_ws/src/cv_basics/install/cv_basics/share/ament_index/resource_index/packages/cv_basics
-- Up-to-date: /home/sysenso/ros2_ws/src/cv_basics/install/cv_basics/share/cv_basics/cmake/cv_basicsConfig.cmake
-- Up-to-date: /home/sysenso/ros2_ws/src/cv_basics/install/cv_basics/share/cv_basics/cmake/cv_basicsConfig-version.cmake
-- Up-to-date: /home/sysenso/ros2_ws/src/cv_basics/install/cv_basics/share/cv_basics/package.xml
