[0.181s] DEBUG:colcon:Command line arguments: ['/usr/bin/colcon', 'build', '--packages-select', 'cv_basics']
[0.181s] DEBUG:colcon:Parsed command line arguments: Namespace(allow_overriding=[], ament_cmake_args=None, base_paths=['.'], build_base='build', catkin_cmake_args=None, catkin_skip_building_tests=False, cmake_args=None, cmake_clean_cache=False, cmake_clean_first=False, cmake_force_configure=False, cmake_target=None, cmake_target_skip_unavailable=False, continue_on_error=False, event_handlers=None, executor='parallel', ignore_user_meta=False, install_base='install', log_base=None, log_level=None, main=<bound method BuildVerb.main of <colcon_core.verb.build.BuildVerb object at 0x7f4f41b4b280>>, merge_install=False, metas=['./colcon.meta'], packages_above=None, packages_above_and_dependencies=None, packages_above_depth=None, packages_end=None, packages_ignore=None, packages_ignore_regex=None, packages_select=['cv_basics'], packages_select_build_failed=False, packages_select_by_dep=None, packages_select_regex=None, packages_select_test_failures=False, packages_skip=None, packages_skip_build_finished=False, packages_skip_by_dep=None, packages_skip_regex=None, packages_skip_test_passed=False, packages_skip_up_to=None, packages_start=None, packages_up_to=None, packages_up_to_regex=None, parallel_workers=8, paths=None, symlink_install=False, test_result_base=None, verb_extension=<colcon_core.verb.build.BuildVerb object at 0x7f4f41b4b280>, verb_name='build', verb_parser=<colcon_defaults.argument_parser.defaults.DefaultArgumentsDecorator object at 0x7f4f41b4b7c0>)
[0.199s] Level 1:colcon.colcon_core.package_discovery:discover_packages(colcon_meta) check parameters
[0.199s] Level 1:colcon.colcon_core.package_discovery:discover_packages(recursive) check parameters
[0.199s] Level 1:colcon.colcon_core.package_discovery:discover_packages(ignore) check parameters
[0.199s] Level 1:colcon.colcon_core.package_discovery:discover_packages(path) check parameters
[0.199s] Level 1:colcon.colcon_core.package_discovery:discover_packages(colcon_meta) discover
[0.199s] Level 1:colcon.colcon_core.package_discovery:discover_packages(recursive) discover
[0.199s] INFO:colcon.colcon_core.package_discovery:Crawling recursively for packages in '/home/sysenso/ros2_ws/src/cv_basics'
[0.199s] Level 1:colcon.colcon_core.package_identification:_identify(.) by extensions ['ignore', 'ignore_ament_install']
[0.200s] Level 1:colcon.colcon_core.package_identification:_identify(.) by extension 'ignore'
[0.200s] Level 1:colcon.colcon_core.package_identification:_identify(.) by extension 'ignore_ament_install'
[0.200s] Level 1:colcon.colcon_core.package_identification:_identify(.) by extensions ['colcon_pkg']
[0.200s] Level 1:colcon.colcon_core.package_identification:_identify(.) by extension 'colcon_pkg'
[0.200s] Level 1:colcon.colcon_core.package_identification:_identify(.) by extensions ['colcon_meta']
[0.200s] Level 1:colcon.colcon_core.package_identification:_identify(.) by extension 'colcon_meta'
[0.200s] Level 1:colcon.colcon_core.package_identification:_identify(.) by extensions ['ros']
[0.200s] Level 1:colcon.colcon_core.package_identification:_identify(.) by extension 'ros'
[0.217s] DEBUG:colcon.colcon_core.package_identification:Package '.' with type 'ros.ament_cmake' and name 'cv_basics'
[0.217s] Level 1:colcon.colcon_core.package_discovery:discover_packages(recursive) using defaults
[0.217s] Level 1:colcon.colcon_core.package_discovery:discover_packages(ignore) discover
[0.217s] Level 1:colcon.colcon_core.package_discovery:discover_packages(ignore) using defaults
[0.217s] Level 1:colcon.colcon_core.package_discovery:discover_packages(path) discover
[0.217s] Level 1:colcon.colcon_core.package_discovery:discover_packages(path) using defaults
[0.231s] Level 1:colcon.colcon_core.package_discovery:discover_packages(prefix_path) check parameters
[0.231s] Level 1:colcon.colcon_core.package_discovery:discover_packages(prefix_path) discover
[0.232s] DEBUG:colcon.colcon_installed_package_information.package_discovery:Found 3 installed packages in /home/sysenso/ros2_ws/install
[0.233s] DEBUG:colcon.colcon_installed_package_information.package_discovery:Found 256 installed packages in /opt/ros/foxy
[0.234s] Level 1:colcon.colcon_core.package_discovery:discover_packages(prefix_path) using defaults
[0.276s] Level 5:colcon.colcon_core.verb:set package 'cv_basics' build argument 'cmake_args' from command line to 'None'
[0.276s] Level 5:colcon.colcon_core.verb:set package 'cv_basics' build argument 'cmake_target' from command line to 'None'
[0.277s] Level 5:colcon.colcon_core.verb:set package 'cv_basics' build argument 'cmake_target_skip_unavailable' from command line to 'False'
[0.277s] Level 5:colcon.colcon_core.verb:set package 'cv_basics' build argument 'cmake_clean_cache' from command line to 'False'
[0.277s] Level 5:colcon.colcon_core.verb:set package 'cv_basics' build argument 'cmake_clean_first' from command line to 'False'
[0.277s] Level 5:colcon.colcon_core.verb:set package 'cv_basics' build argument 'cmake_force_configure' from command line to 'False'
[0.277s] Level 5:colcon.colcon_core.verb:set package 'cv_basics' build argument 'ament_cmake_args' from command line to 'None'
[0.277s] Level 5:colcon.colcon_core.verb:set package 'cv_basics' build argument 'catkin_cmake_args' from command line to 'None'
[0.277s] Level 5:colcon.colcon_core.verb:set package 'cv_basics' build argument 'catkin_skip_building_tests' from command line to 'False'
[0.277s] DEBUG:colcon.colcon_core.verb:Building package 'cv_basics' with the following arguments: {'ament_cmake_args': None, 'build_base': '/home/sysenso/ros2_ws/src/cv_basics/build/cv_basics', 'catkin_cmake_args': None, 'catkin_skip_building_tests': False, 'cmake_args': None, 'cmake_clean_cache': False, 'cmake_clean_first': False, 'cmake_force_configure': False, 'cmake_target': None, 'cmake_target_skip_unavailable': False, 'install_base': '/home/sysenso/ros2_ws/src/cv_basics/install/cv_basics', 'merge_install': False, 'path': '/home/sysenso/ros2_ws/src/cv_basics', 'symlink_install': False, 'test_result_base': None}
[0.277s] INFO:colcon.colcon_core.executor:Executing jobs using 'parallel' executor
[0.279s] DEBUG:colcon.colcon_parallel_executor.executor.parallel:run_until_complete
[0.280s] INFO:colcon.colcon_ros.task.ament_cmake.build:Building ROS package in '/home/sysenso/ros2_ws/src/cv_basics' with build type 'ament_cmake'
[0.280s] INFO:colcon.colcon_cmake.task.cmake.build:Building CMake package in '/home/sysenso/ros2_ws/src/cv_basics'
[0.283s] INFO:colcon.colcon_core.plugin_system:Skipping extension 'colcon_core.shell.bat': Not used on non-Windows systems
[0.283s] INFO:colcon.colcon_core.shell:Skip shell extension 'powershell' for command environment: Not usable outside of PowerShell
[0.283s] DEBUG:colcon.colcon_core.shell:Skip shell extension 'dsv' for command environment
[0.297s] DEBUG:colcon.colcon_core.event_handler.log_command:Invoking command in '/home/sysenso/ros2_ws/src/cv_basics/build/cv_basics': CMAKE_PREFIX_PATH=${CMAKE_PREFIX_PATH}:/opt/ros/foxy /usr/bin/cmake /home/sysenso/ros2_ws/src/cv_basics -DCMAKE_INSTALL_PREFIX=/home/sysenso/ros2_ws/src/cv_basics/install/cv_basics
[1.936s] DEBUG:colcon.colcon_core.event_handler.log_command:Invoked command in '/home/sysenso/ros2_ws/src/cv_basics/build/cv_basics' returned '0': CMAKE_PREFIX_PATH=${CMAKE_PREFIX_PATH}:/opt/ros/foxy /usr/bin/cmake /home/sysenso/ros2_ws/src/cv_basics -DCMAKE_INSTALL_PREFIX=/home/sysenso/ros2_ws/src/cv_basics/install/cv_basics
[1.936s] DEBUG:colcon.colcon_core.event_handler.log_command:Invoking command in '/home/sysenso/ros2_ws/src/cv_basics/build/cv_basics': CMAKE_PREFIX_PATH=${CMAKE_PREFIX_PATH}:/opt/ros/foxy /usr/bin/cmake --build /home/sysenso/ros2_ws/src/cv_basics/build/cv_basics -- -j8 -l8
[7.661s] DEBUG:colcon.colcon_core.event_handler.log_command:Invoked command in '/home/sysenso/ros2_ws/src/cv_basics/build/cv_basics' returned '0': CMAKE_PREFIX_PATH=${CMAKE_PREFIX_PATH}:/opt/ros/foxy /usr/bin/cmake --build /home/sysenso/ros2_ws/src/cv_basics/build/cv_basics -- -j8 -l8
[7.710s] DEBUG:colcon.colcon_core.event_handler.log_command:Invoking command in '/home/sysenso/ros2_ws/src/cv_basics/build/cv_basics': CMAKE_PREFIX_PATH=${CMAKE_PREFIX_PATH}:/opt/ros/foxy /usr/bin/cmake --install /home/sysenso/ros2_ws/src/cv_basics/build/cv_basics
[7.723s] Level 1:colcon.colcon_core.environment:create_environment_scripts_only(cv_basics)
[7.725s] DEBUG:colcon.colcon_core.event_handler.log_command:Invoked command in '/home/sysenso/ros2_ws/src/cv_basics/build/cv_basics' returned '0': CMAKE_PREFIX_PATH=${CMAKE_PREFIX_PATH}:/opt/ros/foxy /usr/bin/cmake --install /home/sysenso/ros2_ws/src/cv_basics/build/cv_basics
[7.728s] Level 1:colcon.colcon_core.environment:checking '/home/sysenso/ros2_ws/src/cv_basics/install/cv_basics' for CMake module files
[7.728s] Level 1:colcon.colcon_core.environment:checking '/home/sysenso/ros2_ws/src/cv_basics/install/cv_basics' for CMake config files
[7.728s] Level 1:colcon.colcon_core.shell:create_environment_hook('cv_basics', 'cmake_prefix_path')
[7.729s] INFO:colcon.colcon_core.shell:Creating environment hook '/home/sysenso/ros2_ws/src/cv_basics/install/cv_basics/share/cv_basics/hook/cmake_prefix_path.ps1'
[7.730s] INFO:colcon.colcon_core.shell:Creating environment descriptor '/home/sysenso/ros2_ws/src/cv_basics/install/cv_basics/share/cv_basics/hook/cmake_prefix_path.dsv'
[7.730s] INFO:colcon.colcon_core.shell:Creating environment hook '/home/sysenso/ros2_ws/src/cv_basics/install/cv_basics/share/cv_basics/hook/cmake_prefix_path.sh'
[7.730s] Level 1:colcon.colcon_core.environment:checking '/home/sysenso/ros2_ws/src/cv_basics/install/cv_basics/lib'
[7.730s] Level 1:colcon.colcon_core.environment:checking '/home/sysenso/ros2_ws/src/cv_basics/install/cv_basics/bin'
[7.731s] Level 1:colcon.colcon_core.environment:checking '/home/sysenso/ros2_ws/src/cv_basics/install/cv_basics/lib/pkgconfig/cv_basics.pc'
[7.731s] Level 1:colcon.colcon_core.environment:checking '/home/sysenso/ros2_ws/src/cv_basics/install/cv_basics/lib/python3.8/site-packages'
[7.731s] Level 1:colcon.colcon_core.environment:checking '/home/sysenso/ros2_ws/src/cv_basics/install/cv_basics/bin'
[7.732s] INFO:colcon.colcon_core.shell:Creating package script '/home/sysenso/ros2_ws/src/cv_basics/install/cv_basics/share/cv_basics/package.ps1'
[7.732s] INFO:colcon.colcon_core.shell:Creating package descriptor '/home/sysenso/ros2_ws/src/cv_basics/install/cv_basics/share/cv_basics/package.dsv'
[7.733s] INFO:colcon.colcon_core.shell:Creating package script '/home/sysenso/ros2_ws/src/cv_basics/install/cv_basics/share/cv_basics/package.sh'
[7.733s] INFO:colcon.colcon_core.shell:Creating package script '/home/sysenso/ros2_ws/src/cv_basics/install/cv_basics/share/cv_basics/package.bash'
[7.734s] INFO:colcon.colcon_core.shell:Creating package script '/home/sysenso/ros2_ws/src/cv_basics/install/cv_basics/share/cv_basics/package.zsh'
[7.734s] Level 1:colcon.colcon_core.environment:create_file_with_runtime_dependencies(/home/sysenso/ros2_ws/src/cv_basics/install/cv_basics/share/colcon-core/packages/cv_basics)
[7.772s] Level 1:colcon.colcon_core.environment:create_environment_scripts_only(cv_basics)
[7.774s] Level 1:colcon.colcon_core.environment:checking '/home/sysenso/ros2_ws/src/cv_basics/install/cv_basics' for CMake module files
[7.774s] Level 1:colcon.colcon_core.environment:checking '/home/sysenso/ros2_ws/src/cv_basics/install/cv_basics' for CMake config files
[7.774s] Level 1:colcon.colcon_core.shell:create_environment_hook('cv_basics', 'cmake_prefix_path')
[7.776s] INFO:colcon.colcon_core.shell:Creating environment hook '/home/sysenso/ros2_ws/src/cv_basics/install/cv_basics/share/cv_basics/hook/cmake_prefix_path.ps1'
[7.776s] INFO:colcon.colcon_core.shell:Creating environment descriptor '/home/sysenso/ros2_ws/src/cv_basics/install/cv_basics/share/cv_basics/hook/cmake_prefix_path.dsv'
[7.777s] INFO:colcon.colcon_core.shell:Creating environment hook '/home/sysenso/ros2_ws/src/cv_basics/install/cv_basics/share/cv_basics/hook/cmake_prefix_path.sh'
[7.777s] Level 1:colcon.colcon_core.environment:checking '/home/sysenso/ros2_ws/src/cv_basics/install/cv_basics/lib'
[7.778s] Level 1:colcon.colcon_core.environment:checking '/home/sysenso/ros2_ws/src/cv_basics/install/cv_basics/bin'
[7.778s] Level 1:colcon.colcon_core.environment:checking '/home/sysenso/ros2_ws/src/cv_basics/install/cv_basics/lib/pkgconfig/cv_basics.pc'
[7.778s] Level 1:colcon.colcon_core.environment:checking '/home/sysenso/ros2_ws/src/cv_basics/install/cv_basics/lib/python3.8/site-packages'
[7.778s] Level 1:colcon.colcon_core.environment:checking '/home/sysenso/ros2_ws/src/cv_basics/install/cv_basics/bin'
[7.779s] INFO:colcon.colcon_core.shell:Creating package script '/home/sysenso/ros2_ws/src/cv_basics/install/cv_basics/share/cv_basics/package.ps1'
[7.779s] INFO:colcon.colcon_core.shell:Creating package descriptor '/home/sysenso/ros2_ws/src/cv_basics/install/cv_basics/share/cv_basics/package.dsv'
[7.780s] INFO:colcon.colcon_core.shell:Creating package script '/home/sysenso/ros2_ws/src/cv_basics/install/cv_basics/share/cv_basics/package.sh'
[7.780s] INFO:colcon.colcon_core.shell:Creating package script '/home/sysenso/ros2_ws/src/cv_basics/install/cv_basics/share/cv_basics/package.bash'
[7.781s] INFO:colcon.colcon_core.shell:Creating package script '/home/sysenso/ros2_ws/src/cv_basics/install/cv_basics/share/cv_basics/package.zsh'
[7.781s] Level 1:colcon.colcon_core.environment:create_file_with_runtime_dependencies(/home/sysenso/ros2_ws/src/cv_basics/install/cv_basics/share/colcon-core/packages/cv_basics)
[7.782s] DEBUG:colcon.colcon_parallel_executor.executor.parallel:closing loop
[7.782s] DEBUG:colcon.colcon_parallel_executor.executor.parallel:loop closed
[7.782s] DEBUG:colcon.colcon_parallel_executor.executor.parallel:run_until_complete finished with '0'
[7.782s] DEBUG:colcon.colcon_core.event_reactor:joining thread
[7.787s] INFO:colcon.colcon_core.plugin_system:Skipping extension 'colcon_notification.desktop_notification.terminal_notifier': Not used on non-Darwin systems
[7.787s] INFO:colcon.colcon_core.plugin_system:Skipping extension 'colcon_notification.desktop_notification.win32': Not used on non-Windows systems
[7.787s] INFO:colcon.colcon_notification.desktop_notification:Sending desktop notification using 'notify2'
[7.811s] DEBUG:colcon.colcon_core.event_reactor:joined thread
[7.812s] INFO:colcon.colcon_core.shell:Creating prefix script '/home/sysenso/ros2_ws/src/cv_basics/install/local_setup.ps1'
[7.813s] INFO:colcon.colcon_core.shell:Creating prefix util module '/home/sysenso/ros2_ws/src/cv_basics/install/_local_setup_util_ps1.py'
[7.814s] INFO:colcon.colcon_core.shell:Creating prefix chain script '/home/sysenso/ros2_ws/src/cv_basics/install/setup.ps1'
[7.815s] INFO:colcon.colcon_core.shell:Creating prefix script '/home/sysenso/ros2_ws/src/cv_basics/install/local_setup.sh'
[7.815s] INFO:colcon.colcon_core.shell:Creating prefix util module '/home/sysenso/ros2_ws/src/cv_basics/install/_local_setup_util_sh.py'
[7.816s] INFO:colcon.colcon_core.shell:Creating prefix chain script '/home/sysenso/ros2_ws/src/cv_basics/install/setup.sh'
[7.817s] INFO:colcon.colcon_core.shell:Creating prefix script '/home/sysenso/ros2_ws/src/cv_basics/install/local_setup.bash'
[7.817s] INFO:colcon.colcon_core.shell:Creating prefix chain script '/home/sysenso/ros2_ws/src/cv_basics/install/setup.bash'
[7.818s] INFO:colcon.colcon_core.shell:Creating prefix script '/home/sysenso/ros2_ws/src/cv_basics/install/local_setup.zsh'
[7.819s] INFO:colcon.colcon_core.shell:Creating prefix chain script '/home/sysenso/ros2_ws/src/cv_basics/install/setup.zsh'
